INFO:__main__:μ¶©λ‚¨λ€ν•™κµ AI μ±—λ΄‡ Gradio μΈν„°νμ΄μ¤ μ‹μ‘...
INFO:httpx:HTTP Request: GET https://api.gradio.app/pkg-version "HTTP/1.1 200 OK"
ERROR:__main__:API μƒνƒ ν™•μΈ μ‹¤ν¨: HTTPConnectionPool(host='localhost', port=8000): Read timed out. (read timeout=5)
Traceback (most recent call last):
  File "/content/drive/MyDrive/chat_proj/src/ui/gradio_app.py", line 302, in <module>
    main()
  File "/content/drive/MyDrive/chat_proj/src/ui/gradio_app.py", line 290, in main
    demo.launch(
  File "/usr/local/lib/python3.11/dist-packages/gradio/blocks.py", line 2724, in launch
    ) = http_server.start_server(
        ^^^^^^^^^^^^^^^^^^^^^^^^^
  File "/usr/local/lib/python3.11/dist-packages/gradio/http_server.py", line 156, in start_server
    raise OSError(
OSError: Cannot find empty port in range: 7860-7860. You can specify a different port by setting the GRADIO_SERVER_PORT environment variable or passing the `server_port` parameter to `launch()`.
π μ¶©λ‚¨λ€ν•™κµ AI μ±—λ΄‡ Gradio μΈν„°νμ΄μ¤ μ‹μ‘...
π“‹ μ‚¬μ „ μ”κµ¬μ‚¬ν•­:
   1. API μ„λ²„κ°€ μ‹¤ν–‰ μ¤‘μ΄μ–΄μ•Ό ν•©λ‹λ‹¤: uv run run_server.py
   2. http://localhost:8000 μ—μ„ APIκ°€ μ‘λ™ν•΄μ•Ό ν•©λ‹λ‹¤
   3. gradio ν¨ν‚¤μ§€κ°€ μ„¤μΉλμ–΄ μμ–΄μ•Ό ν•©λ‹λ‹¤: pip install gradio
------------------------------------------------------------
π€ Gradio μ›Ή UI μ‹μ‘ μ¤‘...
π“ μ•± κ²½λ΅: /content/drive/MyDrive/chat_proj/src/ui/gradio_app.py
π μ›Ή μ£Όμ†: http://localhost:7860
------------------------------------------------------------
